<?xml version="1.0" encoding="utf-8"?><testsuites name="pytest tests"><testsuite name="pytest" errors="0" failures="0" skipped="0" tests="4" time="4.859" timestamp="2026-04-25T17:07:24.827155+00:00" hostname="agent-env-79e0c691-c390-4921-b0fb-fae50718f397"><testcase classname="backend.tests.test_iot_api" name="test_health" time="0.149" /><testcase classname="backend.tests.test_iot_api" name="test_mqtt_config" time="0.047" /><testcase classname="backend.tests.test_iot_api" name="test_simulator_running_and_publishes" time="3.097" /><testcase classname="backend.tests.test_iot_api" name="test_simulator_spike" time="1.412" /></testsuite></testsuites>